2022-05-23 15:59:14 INFO  BasePage:382 - Setting up browser
2022-05-23 15:59:14 INFO  BasePage:382 - Executing scenario: 001 >> Check whether Media Logos are present
2022-05-23 15:59:14 INFO  WebDriverManager:403 - Using chromedriver 101.0.4951.41 (resolved driver for Chrome 101)
2022-05-23 15:59:14 INFO  WebDriverManager:393 - Exporting webdriver.chrome.driver as /home/ravi-muktavarapu/.cache/selenium/chromedriver/linux64/101.0.4951.41/chromedriver
2022-05-23 15:59:20 INFO  BasePage:382 - Setting up browser
2022-05-23 15:59:20 INFO  BasePage:382 - Executing scenario: 002 >> Reload Images option should be functional
2022-05-23 15:59:20 INFO  WebDriverManager:403 - Using chromedriver 101.0.4951.41 (resolved driver for Chrome 101)
2022-05-23 15:59:20 INFO  WebDriverManager:393 - Exporting webdriver.chrome.driver as /home/ravi-muktavarapu/.cache/selenium/chromedriver/linux64/101.0.4951.41/chromedriver
2022-05-23 15:59:28 WARN  PDType1Font:161 - Using fallback font LiberationSans for base font Symbol
2022-05-23 15:59:28 WARN  PDType1Font:161 - Using fallback font LiberationSans for base font ZapfDingbats
2022-05-23 17:10:37 INFO  BasePage:382 - Setting up browser
2022-05-23 17:10:37 INFO  BasePage:382 - Executing scenario: 003 >> Check the sorting option to Desc
2022-05-23 17:10:38 INFO  WebDriverManager:403 - Using chromedriver 101.0.4951.41 (resolved driver for Chrome 101)
2022-05-23 17:10:38 INFO  WebDriverManager:393 - Exporting webdriver.chrome.driver as /home/ravi-muktavarapu/.cache/selenium/chromedriver/linux64/101.0.4951.41/chromedriver
2022-05-23 17:10:41 WARN  PDType1Font:161 - Using fallback font LiberationSans for base font Symbol
2022-05-23 17:10:41 WARN  PDType1Font:161 - Using fallback font LiberationSans for base font ZapfDingbats
2022-05-23 17:20:13 INFO  BasePage:382 - Setting up browser
2022-05-23 17:20:13 INFO  BasePage:382 - Executing scenario: 003 >> Check the sorting option to Desc
2022-05-23 17:20:13 INFO  WebDriverManager:403 - Using chromedriver 101.0.4951.41 (resolved driver for Chrome 101)
2022-05-23 17:20:13 INFO  WebDriverManager:393 - Exporting webdriver.chrome.driver as /home/ravi-muktavarapu/.cache/selenium/chromedriver/linux64/101.0.4951.41/chromedriver
2022-05-23 17:20:21 WARN  PDType1Font:161 - Using fallback font LiberationSans for base font Symbol
2022-05-23 17:20:21 WARN  PDType1Font:161 - Using fallback font LiberationSans for base font ZapfDingbats
2022-05-23 17:22:08 INFO  BasePage:382 - Setting up browser
2022-05-23 17:22:08 INFO  BasePage:382 - Executing scenario: 003 >> Check the sorting option to Desc
2022-05-23 17:22:08 INFO  WebDriverManager:403 - Using chromedriver 101.0.4951.41 (resolved driver for Chrome 101)
2022-05-23 17:22:08 INFO  WebDriverManager:393 - Exporting webdriver.chrome.driver as /home/ravi-muktavarapu/.cache/selenium/chromedriver/linux64/101.0.4951.41/chromedriver
2022-05-23 17:22:16 WARN  PDType1Font:161 - Using fallback font LiberationSans for base font Symbol
2022-05-23 17:22:16 WARN  PDType1Font:161 - Using fallback font LiberationSans for base font ZapfDingbats
2022-05-23 17:28:18 INFO  BasePage:382 - Setting up browser
2022-05-23 17:28:18 INFO  BasePage:382 - Executing scenario: 003 >> Check the sorting option to Desc
2022-05-23 17:28:18 INFO  WebDriverManager:403 - Using chromedriver 101.0.4951.41 (resolved driver for Chrome 101)
2022-05-23 17:28:18 INFO  WebDriverManager:393 - Exporting webdriver.chrome.driver as /home/ravi-muktavarapu/.cache/selenium/chromedriver/linux64/101.0.4951.41/chromedriver
2022-05-23 17:28:26 WARN  PDType1Font:161 - Using fallback font LiberationSans for base font Symbol
2022-05-23 17:28:26 WARN  PDType1Font:161 - Using fallback font LiberationSans for base font ZapfDingbats
2022-05-23 17:34:04 INFO  BasePage:382 - Setting up browser
2022-05-23 17:34:04 INFO  BasePage:382 - Executing scenario: 003 >> Check the sorting option to Desc
2022-05-23 17:34:05 INFO  WebDriverManager:403 - Using chromedriver 101.0.4951.41 (resolved driver for Chrome 101)
2022-05-23 17:34:05 INFO  WebDriverManager:393 - Exporting webdriver.chrome.driver as /home/ravi-muktavarapu/.cache/selenium/chromedriver/linux64/101.0.4951.41/chromedriver
2022-05-23 17:34:07 WARN  PDType1Font:161 - Using fallback font LiberationSans for base font Symbol
2022-05-23 17:34:07 WARN  PDType1Font:161 - Using fallback font LiberationSans for base font ZapfDingbats
2022-05-23 17:38:16 INFO  BasePage:382 - Setting up browser
2022-05-23 17:38:16 INFO  BasePage:382 - Executing scenario: 003 >> Check the sorting option to Desc
2022-05-23 17:38:16 INFO  WebDriverManager:403 - Using chromedriver 101.0.4951.41 (resolved driver for Chrome 101)
2022-05-23 17:38:16 INFO  WebDriverManager:393 - Exporting webdriver.chrome.driver as /home/ravi-muktavarapu/.cache/selenium/chromedriver/linux64/101.0.4951.41/chromedriver
2022-05-23 17:38:19 WARN  PDType1Font:161 - Using fallback font LiberationSans for base font Symbol
2022-05-23 17:38:19 WARN  PDType1Font:161 - Using fallback font LiberationSans for base font ZapfDingbats
2022-05-23 17:40:06 INFO  BasePage:382 - Setting up browser
2022-05-23 17:40:06 INFO  BasePage:382 - Executing scenario: 004 >> User should navigate to last page and front page
2022-05-23 17:40:06 INFO  WebDriverManager:403 - Using chromedriver 101.0.4951.41 (resolved driver for Chrome 101)
2022-05-23 17:40:06 INFO  WebDriverManager:393 - Exporting webdriver.chrome.driver as /home/ravi-muktavarapu/.cache/selenium/chromedriver/linux64/101.0.4951.41/chromedriver
2022-05-23 17:40:09 WARN  PDType1Font:161 - Using fallback font LiberationSans for base font Symbol
2022-05-23 17:40:09 WARN  PDType1Font:161 - Using fallback font LiberationSans for base font ZapfDingbats
2022-05-23 17:41:13 INFO  BasePage:382 - Setting up browser
2022-05-23 17:41:13 INFO  BasePage:382 - Executing scenario: 004 >> User should navigate to last page and front page
2022-05-23 17:41:13 INFO  WebDriverManager:403 - Using chromedriver 101.0.4951.41 (resolved driver for Chrome 101)
2022-05-23 17:41:13 INFO  WebDriverManager:393 - Exporting webdriver.chrome.driver as /home/ravi-muktavarapu/.cache/selenium/chromedriver/linux64/101.0.4951.41/chromedriver
2022-05-23 17:41:16 WARN  PDType1Font:161 - Using fallback font LiberationSans for base font Symbol
2022-05-23 17:41:16 WARN  PDType1Font:161 - Using fallback font LiberationSans for base font ZapfDingbats
2022-05-23 17:48:48 INFO  BasePage:382 - Setting up browser
2022-05-23 17:48:48 INFO  BasePage:382 - Executing scenario: 004 >> User should navigate to last page and front page
2022-05-23 17:48:48 INFO  WebDriverManager:403 - Using chromedriver 101.0.4951.41 (resolved driver for Chrome 101)
2022-05-23 17:48:48 INFO  WebDriverManager:393 - Exporting webdriver.chrome.driver as /home/ravi-muktavarapu/.cache/selenium/chromedriver/linux64/101.0.4951.41/chromedriver
2022-05-23 17:48:53 WARN  PDType1Font:161 - Using fallback font LiberationSans for base font Symbol
2022-05-23 17:48:53 WARN  PDType1Font:161 - Using fallback font LiberationSans for base font ZapfDingbats
2022-05-23 18:01:54 INFO  BasePage:382 - Setting up browser
2022-05-23 18:01:54 INFO  BasePage:382 - Executing scenario: 004 >> User should navigate to last page and front page
2022-05-23 18:01:54 INFO  WebDriverManager:403 - Using chromedriver 101.0.4951.41 (resolved driver for Chrome 101)
2022-05-23 18:01:54 INFO  WebDriverManager:393 - Exporting webdriver.chrome.driver as /home/ravi-muktavarapu/.cache/selenium/chromedriver/linux64/101.0.4951.41/chromedriver
2022-05-23 18:01:59 WARN  PDType1Font:161 - Using fallback font LiberationSans for base font Symbol
2022-05-23 18:01:59 WARN  PDType1Font:161 - Using fallback font LiberationSans for base font ZapfDingbats
2022-05-24 15:58:21 INFO  BasePage:382 - Setting up browser
2022-05-24 15:58:21 INFO  BasePage:382 - Executing scenario: 004 >> User should navigate to last page and front page
2022-05-24 15:58:21 INFO  WebDriverManager:403 - Using chromedriver 101.0.4951.41 (resolved driver for Chrome 101)
2022-05-24 15:58:21 INFO  WebDriverManager:393 - Exporting webdriver.chrome.driver as /home/ravi-muktavarapu/.cache/selenium/chromedriver/linux64/101.0.4951.41/chromedriver
2022-05-24 15:58:30 WARN  PDType1Font:161 - Using fallback font LiberationSans for base font Symbol
2022-05-24 15:58:30 WARN  PDType1Font:161 - Using fallback font LiberationSans for base font ZapfDingbats
2022-05-25 11:55:49 INFO  BasePage:382 - Setting up browser
2022-05-25 11:55:49 INFO  BasePage:382 - Executing scenario: 001 >> Enter Content and save the document successfully.
2022-05-25 11:55:50 INFO  WebDriverManager:403 - Using chromedriver 101.0.4951.41 (resolved driver for Chrome 101)
2022-05-25 11:55:50 INFO  WebDriverManager:393 - Exporting webdriver.chrome.driver as /home/ravi-muktavarapu/.cache/selenium/chromedriver/linux64/101.0.4951.41/chromedriver
2022-05-25 11:55:52 INFO  BasePage:382 - Setting up browser
2022-05-25 11:55:52 INFO  BasePage:382 - Executing scenario: 002 >> Enter Content and click reset to clear all the fields.
2022-05-25 11:55:52 INFO  WebDriverManager:403 - Using chromedriver 101.0.4951.41 (resolved driver for Chrome 101)
2022-05-25 11:55:52 INFO  WebDriverManager:393 - Exporting webdriver.chrome.driver as /home/ravi-muktavarapu/.cache/selenium/chromedriver/linux64/101.0.4951.41/chromedriver
2022-05-25 11:55:54 INFO  BasePage:382 - Setting up browser
2022-05-25 11:55:54 INFO  BasePage:382 - Executing scenario: 003 >> Content Upload Module set data should be displayed on start up
2022-05-25 11:55:54 INFO  WebDriverManager:403 - Using chromedriver 101.0.4951.41 (resolved driver for Chrome 101)
2022-05-25 11:55:54 INFO  WebDriverManager:393 - Exporting webdriver.chrome.driver as /home/ravi-muktavarapu/.cache/selenium/chromedriver/linux64/101.0.4951.41/chromedriver
2022-05-25 11:55:56 WARN  PDType1Font:161 - Using fallback font LiberationSans for base font Symbol
2022-05-25 11:55:56 WARN  PDType1Font:161 - Using fallback font LiberationSans for base font ZapfDingbats
2022-05-25 13:33:02 INFO  BasePage:382 - Setting up browser
2022-05-25 13:33:02 INFO  BasePage:382 - Executing scenario: 001 >> Enter Content and save the document successfully.
2022-05-25 13:33:03 INFO  WebDriverManager:403 - Using chromedriver 101.0.4951.41 (resolved driver for Chrome 101)
2022-05-25 13:33:03 INFO  WebDriverManager:393 - Exporting webdriver.chrome.driver as /home/ravi-muktavarapu/.cache/selenium/chromedriver/linux64/101.0.4951.41/chromedriver
2022-05-25 13:33:11 WARN  PDType1Font:161 - Using fallback font LiberationSans for base font Symbol
2022-05-25 13:33:11 WARN  PDType1Font:161 - Using fallback font LiberationSans for base font ZapfDingbats
2022-05-25 13:33:57 INFO  BasePage:382 - Setting up browser
2022-05-25 13:33:57 INFO  BasePage:382 - Executing scenario: 001 >> Enter Content and save the document successfully.
2022-05-25 13:33:58 INFO  WebDriverManager:403 - Using chromedriver 101.0.4951.41 (resolved driver for Chrome 101)
2022-05-25 13:33:58 INFO  WebDriverManager:393 - Exporting webdriver.chrome.driver as /home/ravi-muktavarapu/.cache/selenium/chromedriver/linux64/101.0.4951.41/chromedriver
2022-05-25 13:34:14 WARN  PDType1Font:161 - Using fallback font LiberationSans for base font Symbol
2022-05-25 13:34:14 WARN  PDType1Font:161 - Using fallback font LiberationSans for base font ZapfDingbats
2022-05-25 13:35:48 INFO  BasePage:382 - Setting up browser
2022-05-25 13:35:48 INFO  BasePage:382 - Executing scenario: 002 >> Enter Content and click reset to clear all the fields.
2022-05-25 13:35:48 INFO  WebDriverManager:403 - Using chromedriver 101.0.4951.41 (resolved driver for Chrome 101)
2022-05-25 13:35:48 INFO  WebDriverManager:393 - Exporting webdriver.chrome.driver as /home/ravi-muktavarapu/.cache/selenium/chromedriver/linux64/101.0.4951.41/chromedriver
2022-05-25 13:35:52 INFO  BasePage:382 - Setting up browser
2022-05-25 13:35:52 INFO  BasePage:382 - Executing scenario: 003 >> Content Upload Module set data should be displayed on start up
2022-05-25 13:35:52 INFO  WebDriverManager:403 - Using chromedriver 101.0.4951.41 (resolved driver for Chrome 101)
2022-05-25 13:35:52 INFO  WebDriverManager:393 - Exporting webdriver.chrome.driver as /home/ravi-muktavarapu/.cache/selenium/chromedriver/linux64/101.0.4951.41/chromedriver
2022-05-25 13:35:54 INFO  HorreumMethods:382 - The date displayed in the field is current date = 2022-05-25 12:00
2022-05-25 13:35:55 WARN  PDType1Font:161 - Using fallback font LiberationSans for base font Symbol
2022-05-25 13:35:55 WARN  PDType1Font:161 - Using fallback font LiberationSans for base font ZapfDingbats
2022-05-25 13:48:45 INFO  BasePage:382 - Setting up browser
2022-05-25 13:48:45 INFO  BasePage:382 - Executing scenario: 004 >> User should be able to Add Author under Content Upload Module
2022-05-25 13:48:46 INFO  WebDriverManager:403 - Using chromedriver 101.0.4951.41 (resolved driver for Chrome 101)
2022-05-25 13:48:46 INFO  WebDriverManager:393 - Exporting webdriver.chrome.driver as /home/ravi-muktavarapu/.cache/selenium/chromedriver/linux64/101.0.4951.41/chromedriver
2022-05-25 13:48:49 WARN  PDType1Font:161 - Using fallback font LiberationSans for base font Symbol
2022-05-25 13:48:49 WARN  PDType1Font:161 - Using fallback font LiberationSans for base font ZapfDingbats
2022-05-25 14:02:27 INFO  BasePage:382 - Setting up browser
2022-05-25 14:02:27 INFO  BasePage:382 - Executing scenario: 004 >> User should be able to Add Author under Content Upload Module
2022-05-25 14:02:27 INFO  WebDriverManager:403 - Using chromedriver 101.0.4951.41 (resolved driver for Chrome 101)
2022-05-25 14:02:27 INFO  WebDriverManager:393 - Exporting webdriver.chrome.driver as /home/ravi-muktavarapu/.cache/selenium/chromedriver/linux64/101.0.4951.41/chromedriver
2022-05-25 14:02:31 WARN  PDType1Font:161 - Using fallback font LiberationSans for base font Symbol
2022-05-25 14:02:31 WARN  PDType1Font:161 - Using fallback font LiberationSans for base font ZapfDingbats
2022-05-25 14:24:00 INFO  BasePage:382 - Setting up browser
2022-05-25 14:24:00 INFO  BasePage:382 - Executing scenario: 005 >> Editing Field under Content Upload module should be accessible by opening a new window when Expand is clicked.
2022-05-25 14:24:00 INFO  WebDriverManager:403 - Using chromedriver 101.0.4951.41 (resolved driver for Chrome 101)
2022-05-25 14:24:00 INFO  WebDriverManager:393 - Exporting webdriver.chrome.driver as /home/ravi-muktavarapu/.cache/selenium/chromedriver/linux64/101.0.4951.41/chromedriver
2022-05-25 14:24:03 WARN  PDType1Font:161 - Using fallback font LiberationSans for base font Symbol
2022-05-25 14:24:03 WARN  PDType1Font:161 - Using fallback font LiberationSans for base font ZapfDingbats
2022-05-25 14:28:54 INFO  BasePage:382 - Setting up browser
2022-05-25 14:28:54 INFO  BasePage:382 - Executing scenario: 005 >> Editing Field under Content Upload module should be accessible by opening a new window when Expand is clicked.
2022-05-25 14:28:55 INFO  WebDriverManager:403 - Using chromedriver 101.0.4951.41 (resolved driver for Chrome 101)
2022-05-25 14:28:55 INFO  WebDriverManager:393 - Exporting webdriver.chrome.driver as /home/ravi-muktavarapu/.cache/selenium/chromedriver/linux64/101.0.4951.41/chromedriver
2022-05-25 14:28:58 WARN  PDType1Font:161 - Using fallback font LiberationSans for base font Symbol
2022-05-25 14:28:58 WARN  PDType1Font:161 - Using fallback font LiberationSans for base font ZapfDingbats
2022-06-02 15:45:12 INFO  BasePage:382 - Setting up browser
2022-06-02 15:45:12 INFO  BasePage:382 - Executing scenario: All the above mentioned modules should be displayed under every legend
2022-06-02 15:45:13 INFO  WebDriverManager:403 - Using chromedriver 101.0.4951.41 (resolved driver for Chrome 101)
2022-06-02 15:45:13 INFO  WebDriverManager:393 - Exporting webdriver.chrome.driver as /home/ravi-muktavarapu/.cache/selenium/chromedriver/linux64/101.0.4951.41/chromedriver
2022-06-02 15:45:15 INFO  BasePage:382 - Setting up browser
2022-06-02 15:45:15 INFO  BasePage:382 - Executing scenario: User should be able to create a New User
2022-06-02 15:45:15 INFO  WebDriverManager:403 - Using chromedriver 101.0.4951.41 (resolved driver for Chrome 101)
2022-06-02 15:45:15 INFO  WebDriverManager:393 - Exporting webdriver.chrome.driver as /home/ravi-muktavarapu/.cache/selenium/chromedriver/linux64/101.0.4951.41/chromedriver
2022-06-02 15:45:17 INFO  BasePage:382 - Setting up browser
2022-06-02 15:45:17 INFO  BasePage:382 - Executing scenario: User should be able to delete the created user
2022-06-02 15:45:17 INFO  WebDriverManager:403 - Using chromedriver 101.0.4951.41 (resolved driver for Chrome 101)
2022-06-02 15:45:17 INFO  WebDriverManager:393 - Exporting webdriver.chrome.driver as /home/ravi-muktavarapu/.cache/selenium/chromedriver/linux64/101.0.4951.41/chromedriver
2022-06-02 15:45:19 INFO  BasePage:382 - Setting up browser
2022-06-02 15:45:19 INFO  BasePage:382 - Executing scenario: User should be able to Export a selected user
2022-06-02 15:45:19 INFO  WebDriverManager:403 - Using chromedriver 101.0.4951.41 (resolved driver for Chrome 101)
2022-06-02 15:45:19 INFO  WebDriverManager:393 - Exporting webdriver.chrome.driver as /home/ravi-muktavarapu/.cache/selenium/chromedriver/linux64/101.0.4951.41/chromedriver
2022-06-02 15:45:21 WARN  PDType1Font:161 - Using fallback font LiberationSans for base font Symbol
2022-06-02 15:45:21 WARN  PDType1Font:161 - Using fallback font LiberationSans for base font ZapfDingbats
2022-06-02 15:46:35 INFO  BasePage:382 - Setting up browser
2022-06-02 15:46:35 INFO  BasePage:382 - Executing scenario: 001 >> All the above mentioned modules should be displayed under every legend
2022-06-02 15:46:35 INFO  WebDriverManager:403 - Using chromedriver 101.0.4951.41 (resolved driver for Chrome 101)
2022-06-02 15:46:35 INFO  WebDriverManager:393 - Exporting webdriver.chrome.driver as /home/ravi-muktavarapu/.cache/selenium/chromedriver/linux64/101.0.4951.41/chromedriver
2022-06-02 15:46:37 INFO  BasePage:382 - Setting up browser
2022-06-02 15:46:37 INFO  BasePage:382 - Executing scenario: 002 >> User should be able to create a New User
2022-06-02 15:46:37 INFO  WebDriverManager:403 - Using chromedriver 101.0.4951.41 (resolved driver for Chrome 101)
2022-06-02 15:46:37 INFO  WebDriverManager:393 - Exporting webdriver.chrome.driver as /home/ravi-muktavarapu/.cache/selenium/chromedriver/linux64/101.0.4951.41/chromedriver
2022-06-02 15:46:40 INFO  BasePage:382 - Setting up browser
2022-06-02 15:46:40 INFO  BasePage:382 - Executing scenario: 003 >> User should be able to delete the created user
2022-06-02 15:46:40 INFO  WebDriverManager:403 - Using chromedriver 101.0.4951.41 (resolved driver for Chrome 101)
2022-06-02 15:46:40 INFO  WebDriverManager:393 - Exporting webdriver.chrome.driver as /home/ravi-muktavarapu/.cache/selenium/chromedriver/linux64/101.0.4951.41/chromedriver
2022-06-02 15:46:41 WARN  WebSocketHandler:382 - onError
java.net.SocketException: Connection reset
	at java.base/sun.nio.ch.SocketChannelImpl.throwConnectionReset(SocketChannelImpl.java:394)
	at java.base/sun.nio.ch.SocketChannelImpl.read(SocketChannelImpl.java:426)
	at io.netty.buffer.PooledByteBuf.setBytes(PooledByteBuf.java:253)
	at io.netty.buffer.AbstractByteBuf.writeBytes(AbstractByteBuf.java:1132)
	at io.netty.channel.socket.nio.NioSocketChannel.doReadBytes(NioSocketChannel.java:350)
	at io.netty.channel.nio.AbstractNioByteChannel$NioByteUnsafe.read(AbstractNioByteChannel.java:151)
	at io.netty.channel.nio.NioEventLoop.processSelectedKey(NioEventLoop.java:719)
	at io.netty.channel.nio.NioEventLoop.processSelectedKeysOptimized(NioEventLoop.java:655)
	at io.netty.channel.nio.NioEventLoop.processSelectedKeys(NioEventLoop.java:581)
	at io.netty.channel.nio.NioEventLoop.run(NioEventLoop.java:493)
	at io.netty.util.concurrent.SingleThreadEventExecutor$4.run(SingleThreadEventExecutor.java:986)
	at io.netty.util.internal.ThreadExecutorMap$2.run(ThreadExecutorMap.java:74)
	at io.netty.util.concurrent.FastThreadLocalRunnable.run(FastThreadLocalRunnable.java:30)
	at java.base/java.lang.Thread.run(Thread.java:833)
2022-06-02 15:46:41 INFO  BasePage:382 - Setting up browser
2022-06-02 15:46:41 INFO  BasePage:382 - Executing scenario: 004 >> User should be able to Export a selected user
2022-06-02 15:46:41 INFO  WebDriverManager:403 - Using chromedriver 101.0.4951.41 (resolved driver for Chrome 101)
2022-06-02 15:46:41 INFO  WebDriverManager:393 - Exporting webdriver.chrome.driver as /home/ravi-muktavarapu/.cache/selenium/chromedriver/linux64/101.0.4951.41/chromedriver
2022-06-02 15:46:43 WARN  PDType1Font:161 - Using fallback font LiberationSans for base font Symbol
2022-06-02 15:46:43 WARN  PDType1Font:161 - Using fallback font LiberationSans for base font ZapfDingbats
2022-06-02 15:54:23 INFO  BasePage:382 - Setting up browser
2022-06-02 15:54:23 INFO  BasePage:382 - Executing scenario: 003 >> User should be able to delete the created user
2022-06-02 15:54:23 INFO  WebDriverManager:403 - Using chromedriver 101.0.4951.41 (resolved driver for Chrome 101)
2022-06-02 15:54:23 INFO  WebDriverManager:393 - Exporting webdriver.chrome.driver as /home/ravi-muktavarapu/.cache/selenium/chromedriver/linux64/101.0.4951.41/chromedriver
2022-06-02 17:49:47 INFO  BasePage:382 - Setting up browser
2022-06-02 17:49:47 INFO  BasePage:382 - Executing scenario: 002 >> User should be able to create a New User
2022-06-02 17:49:47 INFO  WebDriverManager:403 - Using chromedriver 101.0.4951.41 (resolved driver for Chrome 101)
2022-06-02 17:49:47 INFO  WebDriverManager:393 - Exporting webdriver.chrome.driver as /home/ravi-muktavarapu/.cache/selenium/chromedriver/linux64/101.0.4951.41/chromedriver
2022-06-02 17:49:56 WARN  PDType1Font:161 - Using fallback font LiberationSans for base font Symbol
2022-06-02 17:49:56 WARN  PDType1Font:161 - Using fallback font LiberationSans for base font ZapfDingbats
2022-06-02 17:50:26 INFO  BasePage:382 - Setting up browser
2022-06-02 17:50:26 INFO  BasePage:382 - Executing scenario: 002 >> User should be able to create a New User
2022-06-02 17:50:26 INFO  WebDriverManager:403 - Using chromedriver 101.0.4951.41 (resolved driver for Chrome 101)
2022-06-02 17:50:26 INFO  WebDriverManager:393 - Exporting webdriver.chrome.driver as /home/ravi-muktavarapu/.cache/selenium/chromedriver/linux64/101.0.4951.41/chromedriver
2022-06-02 17:50:30 WARN  PDType1Font:161 - Using fallback font LiberationSans for base font Symbol
2022-06-02 17:50:30 WARN  PDType1Font:161 - Using fallback font LiberationSans for base font ZapfDingbats
2022-06-02 18:00:05 INFO  BasePage:382 - Setting up browser
2022-06-02 18:00:05 INFO  BasePage:382 - Executing scenario: 003 >> User should be able to delete the created user
2022-06-02 18:00:05 INFO  WebDriverManager:403 - Using chromedriver 101.0.4951.41 (resolved driver for Chrome 101)
2022-06-02 18:00:05 INFO  WebDriverManager:393 - Exporting webdriver.chrome.driver as /home/ravi-muktavarapu/.cache/selenium/chromedriver/linux64/101.0.4951.41/chromedriver
2022-06-02 18:00:09 WARN  PDType1Font:161 - Using fallback font LiberationSans for base font Symbol
2022-06-02 18:00:09 WARN  PDType1Font:161 - Using fallback font LiberationSans for base font ZapfDingbats
2022-06-02 18:11:12 INFO  BasePage:382 - Setting up browser
2022-06-02 18:11:12 INFO  BasePage:382 - Executing scenario: 004 >> User should be able to Export a selected user
2022-06-02 18:11:12 INFO  WebDriverManager:403 - Using chromedriver 101.0.4951.41 (resolved driver for Chrome 101)
2022-06-02 18:11:12 INFO  WebDriverManager:393 - Exporting webdriver.chrome.driver as /home/ravi-muktavarapu/.cache/selenium/chromedriver/linux64/101.0.4951.41/chromedriver
2022-06-02 18:11:15 WARN  PDType1Font:161 - Using fallback font LiberationSans for base font Symbol
2022-06-02 18:11:15 WARN  PDType1Font:161 - Using fallback font LiberationSans for base font ZapfDingbats
2022-06-02 18:13:30 INFO  BasePage:382 - Setting up browser
2022-06-02 18:13:30 INFO  BasePage:382 - Executing scenario: 004 >> User should be able to Export a selected user
2022-06-02 18:13:30 INFO  WebDriverManager:403 - Using chromedriver 101.0.4951.41 (resolved driver for Chrome 101)
2022-06-02 18:13:30 INFO  WebDriverManager:393 - Exporting webdriver.chrome.driver as /home/ravi-muktavarapu/.cache/selenium/chromedriver/linux64/101.0.4951.41/chromedriver
2022-06-02 18:13:38 WARN  PDType1Font:161 - Using fallback font LiberationSans for base font Symbol
2022-06-02 18:13:38 WARN  PDType1Font:161 - Using fallback font LiberationSans for base font ZapfDingbats
2022-06-02 18:14:11 INFO  BasePage:382 - Setting up browser
2022-06-02 18:14:11 INFO  BasePage:382 - Executing scenario: 004 >> User should be able to Export a selected user
2022-06-02 18:14:11 INFO  WebDriverManager:403 - Using chromedriver 101.0.4951.41 (resolved driver for Chrome 101)
2022-06-02 18:14:11 INFO  WebDriverManager:393 - Exporting webdriver.chrome.driver as /home/ravi-muktavarapu/.cache/selenium/chromedriver/linux64/101.0.4951.41/chromedriver
2022-06-02 18:14:19 WARN  PDType1Font:161 - Using fallback font LiberationSans for base font Symbol
2022-06-02 18:14:19 WARN  PDType1Font:161 - Using fallback font LiberationSans for base font ZapfDingbats
2022-06-02 18:20:57 INFO  BasePage:382 - Setting up browser
2022-06-02 18:20:57 INFO  BasePage:382 - Executing scenario: 004 >> User should be able to Export a selected user
2022-06-02 18:20:57 INFO  WebDriverManager:403 - Using chromedriver 101.0.4951.41 (resolved driver for Chrome 101)
2022-06-02 18:20:57 INFO  WebDriverManager:393 - Exporting webdriver.chrome.driver as /home/ravi-muktavarapu/.cache/selenium/chromedriver/linux64/101.0.4951.41/chromedriver
2022-06-02 18:21:06 WARN  PDType1Font:161 - Using fallback font LiberationSans for base font Symbol
2022-06-02 18:21:06 WARN  PDType1Font:161 - Using fallback font LiberationSans for base font ZapfDingbats
2022-06-02 18:21:51 INFO  BasePage:382 - Setting up browser
2022-06-02 18:21:51 INFO  BasePage:382 - Executing scenario: 004 >> User should be able to Export a selected user
2022-06-02 18:21:51 INFO  WebDriverManager:403 - Using chromedriver 101.0.4951.41 (resolved driver for Chrome 101)
2022-06-02 18:21:51 INFO  WebDriverManager:393 - Exporting webdriver.chrome.driver as /home/ravi-muktavarapu/.cache/selenium/chromedriver/linux64/101.0.4951.41/chromedriver
2022-06-02 18:22:00 WARN  PDType1Font:161 - Using fallback font LiberationSans for base font Symbol
2022-06-02 18:22:00 WARN  PDType1Font:161 - Using fallback font LiberationSans for base font ZapfDingbats
2022-06-02 18:25:05 INFO  BasePage:382 - Setting up browser
2022-06-02 18:25:05 INFO  BasePage:382 - Executing scenario: 004 >> User should be able to Export a selected user
2022-06-02 18:25:05 INFO  WebDriverManager:403 - Using chromedriver 101.0.4951.41 (resolved driver for Chrome 101)
2022-06-02 18:25:05 INFO  WebDriverManager:393 - Exporting webdriver.chrome.driver as /home/ravi-muktavarapu/.cache/selenium/chromedriver/linux64/101.0.4951.41/chromedriver
2022-06-02 18:25:09 WARN  PDType1Font:161 - Using fallback font LiberationSans for base font Symbol
2022-06-02 18:25:09 WARN  PDType1Font:161 - Using fallback font LiberationSans for base font ZapfDingbats
2022-06-02 18:27:27 INFO  BasePage:382 - Setting up browser
2022-06-02 18:27:27 INFO  BasePage:382 - Executing scenario: 004 >> User should be able to Export a selected user
2022-06-02 18:27:27 INFO  WebDriverManager:403 - Using chromedriver 101.0.4951.41 (resolved driver for Chrome 101)
2022-06-02 18:27:27 INFO  WebDriverManager:393 - Exporting webdriver.chrome.driver as /home/ravi-muktavarapu/.cache/selenium/chromedriver/linux64/101.0.4951.41/chromedriver
2022-06-02 18:28:41 INFO  BasePage:382 - Setting up browser
2022-06-02 18:28:41 INFO  BasePage:382 - Executing scenario: 004 >> User should be able to Export a selected user
2022-06-02 18:28:41 INFO  WebDriverManager:403 - Using chromedriver 101.0.4951.41 (resolved driver for Chrome 101)
2022-06-02 18:28:41 INFO  WebDriverManager:393 - Exporting webdriver.chrome.driver as /home/ravi-muktavarapu/.cache/selenium/chromedriver/linux64/101.0.4951.41/chromedriver
2022-06-02 18:31:08 INFO  BasePage:382 - Setting up browser
2022-06-02 18:31:08 INFO  BasePage:382 - Executing scenario: 004 >> User should be able to Export a selected user
2022-06-02 18:31:08 INFO  WebDriverManager:403 - Using chromedriver 101.0.4951.41 (resolved driver for Chrome 101)
2022-06-02 18:31:08 INFO  WebDriverManager:393 - Exporting webdriver.chrome.driver as /home/ravi-muktavarapu/.cache/selenium/chromedriver/linux64/101.0.4951.41/chromedriver
2022-06-02 18:31:12 WARN  PDType1Font:161 - Using fallback font LiberationSans for base font Symbol
2022-06-02 18:31:12 WARN  PDType1Font:161 - Using fallback font LiberationSans for base font ZapfDingbats
2022-06-02 18:32:05 INFO  BasePage:382 - Setting up browser
2022-06-02 18:32:05 INFO  BasePage:382 - Executing scenario: 002 >> User should be able to create a New User
2022-06-02 18:32:06 INFO  WebDriverManager:403 - Using chromedriver 101.0.4951.41 (resolved driver for Chrome 101)
2022-06-02 18:32:06 INFO  WebDriverManager:393 - Exporting webdriver.chrome.driver as /home/ravi-muktavarapu/.cache/selenium/chromedriver/linux64/101.0.4951.41/chromedriver
2022-06-02 18:32:09 INFO  BasePage:382 - Setting up browser
2022-06-02 18:32:09 INFO  BasePage:382 - Executing scenario: 003 >> User should be able to delete the created user
2022-06-02 18:32:09 INFO  WebDriverManager:403 - Using chromedriver 101.0.4951.41 (resolved driver for Chrome 101)
2022-06-02 18:32:09 INFO  WebDriverManager:393 - Exporting webdriver.chrome.driver as /home/ravi-muktavarapu/.cache/selenium/chromedriver/linux64/101.0.4951.41/chromedriver
2022-06-02 18:32:12 INFO  BasePage:382 - Setting up browser
2022-06-02 18:32:12 INFO  BasePage:382 - Executing scenario: 004 >> User should be able to Export a selected user
2022-06-02 18:32:12 INFO  WebDriverManager:403 - Using chromedriver 101.0.4951.41 (resolved driver for Chrome 101)
2022-06-02 18:32:12 INFO  WebDriverManager:393 - Exporting webdriver.chrome.driver as /home/ravi-muktavarapu/.cache/selenium/chromedriver/linux64/101.0.4951.41/chromedriver
2022-06-02 18:32:17 WARN  PDType1Font:161 - Using fallback font LiberationSans for base font Symbol
2022-06-02 18:32:17 WARN  PDType1Font:161 - Using fallback font LiberationSans for base font ZapfDingbats
2022-06-02 18:33:37 INFO  BasePage:382 - Setting up browser
2022-06-02 18:33:37 INFO  BasePage:382 - Executing scenario: 002 >> User should be able to create a New User
2022-06-02 18:33:37 INFO  WebDriverManager:403 - Using chromedriver 101.0.4951.41 (resolved driver for Chrome 101)
2022-06-02 18:33:37 INFO  WebDriverManager:393 - Exporting webdriver.chrome.driver as /home/ravi-muktavarapu/.cache/selenium/chromedriver/linux64/101.0.4951.41/chromedriver
2022-06-02 18:33:41 INFO  BasePage:382 - Setting up browser
2022-06-02 18:33:41 INFO  BasePage:382 - Executing scenario: 003 >> User should be able to delete the created user
2022-06-02 18:33:41 INFO  WebDriverManager:403 - Using chromedriver 101.0.4951.41 (resolved driver for Chrome 101)
2022-06-02 18:33:41 INFO  WebDriverManager:393 - Exporting webdriver.chrome.driver as /home/ravi-muktavarapu/.cache/selenium/chromedriver/linux64/101.0.4951.41/chromedriver
2022-06-02 18:33:43 INFO  BasePage:382 - Setting up browser
2022-06-02 18:33:43 INFO  BasePage:382 - Executing scenario: 004 >> User should be able to Export a selected user
2022-06-02 18:33:43 INFO  WebDriverManager:403 - Using chromedriver 101.0.4951.41 (resolved driver for Chrome 101)
2022-06-02 18:33:43 INFO  WebDriverManager:393 - Exporting webdriver.chrome.driver as /home/ravi-muktavarapu/.cache/selenium/chromedriver/linux64/101.0.4951.41/chromedriver
2022-06-02 18:33:47 WARN  PDType1Font:161 - Using fallback font LiberationSans for base font Symbol
2022-06-02 18:33:47 WARN  PDType1Font:161 - Using fallback font LiberationSans for base font ZapfDingbats
2022-06-03 12:01:21 INFO  BasePage:382 - Setting up browser
2022-06-03 12:01:21 INFO  BasePage:382 - Executing scenario: 001 >> All the above mentioned modules should be displayed under every legend
2022-06-03 12:01:22 INFO  WebDriverManager:403 - Using chromedriver 102.0.5005.61 (resolved driver for Chrome 102)
2022-06-03 12:01:22 INFO  WebDriverManager:393 - Reading https://chromedriver.storage.googleapis.com/ to seek chromedriver
2022-06-03 12:01:22 INFO  Downloader:386 - Downloading https://chromedriver.storage.googleapis.com/102.0.5005.61/chromedriver_linux64.zip
2022-06-03 12:01:23 INFO  Downloader:386 - Extracting driver from compressed file chromedriver_linux64.zip
2022-06-03 12:01:23 INFO  WebDriverManager:393 - Exporting webdriver.chrome.driver as /home/ravi-muktavarapu/.cache/selenium/chromedriver/linux64/102.0.5005.61/chromedriver
2022-06-03 12:01:26 INFO  HorreumMethods:382 - User Management Module is displayed under Administation container
2022-06-03 12:01:26 INFO  HorreumMethods:382 - User Management Module is displayed under Administation container
2022-06-03 12:01:32 WARN  PDType1Font:161 - Using fallback font LiberationSans for base font Symbol
2022-06-03 12:01:32 WARN  PDType1Font:161 - Using fallback font LiberationSans for base font ZapfDingbats
2022-06-03 12:03:48 INFO  BasePage:382 - Setting up browser
2022-06-03 12:03:48 INFO  BasePage:382 - Executing scenario: 001 >> All the above mentioned modules should be displayed under every legend
2022-06-03 12:03:48 INFO  WebDriverManager:403 - Using chromedriver 102.0.5005.61 (resolved driver for Chrome 102)
2022-06-03 12:03:48 INFO  WebDriverManager:393 - Exporting webdriver.chrome.driver as /home/ravi-muktavarapu/.cache/selenium/chromedriver/linux64/102.0.5005.61/chromedriver
2022-06-03 12:03:51 INFO  HorreumMethods:382 - User Management Module is displayed under Administation container
2022-06-03 12:03:56 WARN  PDType1Font:161 - Using fallback font LiberationSans for base font Symbol
2022-06-03 12:03:56 WARN  PDType1Font:161 - Using fallback font LiberationSans for base font ZapfDingbats
2022-06-03 12:17:49 INFO  BasePage:382 - Setting up browser
2022-06-03 12:17:49 INFO  BasePage:382 - Executing scenario: 001 >> All the above mentioned modules should be displayed under every legend
2022-06-03 12:17:49 INFO  WebDriverManager:403 - Using chromedriver 102.0.5005.61 (resolved driver for Chrome 102)
2022-06-03 12:17:49 INFO  WebDriverManager:393 - Exporting webdriver.chrome.driver as /home/ravi-muktavarapu/.cache/selenium/chromedriver/linux64/102.0.5005.61/chromedriver
2022-06-03 12:17:52 INFO  HorreumMethods:382 - User Management Module is displayed under Administation container
2022-06-03 12:17:58 WARN  PDType1Font:161 - Using fallback font LiberationSans for base font Symbol
2022-06-03 12:17:58 WARN  PDType1Font:161 - Using fallback font LiberationSans for base font ZapfDingbats
2022-06-03 12:19:13 INFO  BasePage:382 - Setting up browser
2022-06-03 12:19:13 INFO  BasePage:382 - Executing scenario: 001 >> All the above mentioned modules should be displayed under every legend
2022-06-03 12:19:13 INFO  WebDriverManager:403 - Using chromedriver 102.0.5005.61 (resolved driver for Chrome 102)
2022-06-03 12:19:13 INFO  WebDriverManager:393 - Exporting webdriver.chrome.driver as /home/ravi-muktavarapu/.cache/selenium/chromedriver/linux64/102.0.5005.61/chromedriver
2022-06-03 12:19:16 INFO  HorreumMethods:382 - User Management Module is displayed under Administation container
2022-06-03 12:19:16 INFO  HorreumMethods:382 - All the Modules are displayed under Media Management container
2022-06-03 12:19:16 INFO  HorreumMethods:382 - All the Modules are displayed under Data Upload container
2022-06-03 12:19:16 INFO  HorreumMethods:382 - All the Modules are displayed under Data Upload container
2022-06-03 12:19:16 INFO  HorreumMethods:382 - User Management Module is displayed under Administation container
2022-06-03 12:19:17 WARN  PDType1Font:161 - Using fallback font LiberationSans for base font Symbol
2022-06-03 12:19:17 WARN  PDType1Font:161 - Using fallback font LiberationSans for base font ZapfDingbats
2022-06-03 12:21:14 INFO  BasePage:382 - Setting up browser
2022-06-03 12:21:14 INFO  BasePage:382 - Executing scenario: 001 >> All the above mentioned modules should be displayed under every legend
2022-06-03 12:21:15 INFO  WebDriverManager:403 - Using chromedriver 102.0.5005.61 (resolved driver for Chrome 102)
2022-06-03 12:21:15 INFO  WebDriverManager:393 - Exporting webdriver.chrome.driver as /home/ravi-muktavarapu/.cache/selenium/chromedriver/linux64/102.0.5005.61/chromedriver
2022-06-03 12:21:17 INFO  HorreumMethods:382 - User Management Module is displayed under Administation container
2022-06-03 12:21:17 INFO  HorreumMethods:382 - All the Modules are displayed under Media Management container
2022-06-03 12:21:17 INFO  HorreumMethods:382 - All the Modules are displayed under Data Upload container
2022-06-03 12:21:18 WARN  PDType1Font:161 - Using fallback font LiberationSans for base font Symbol
2022-06-03 12:21:18 WARN  PDType1Font:161 - Using fallback font LiberationSans for base font ZapfDingbats
2022-06-03 12:21:55 INFO  BasePage:382 - Setting up browser
2022-06-03 12:21:55 INFO  BasePage:382 - Executing scenario: 001 >> All the above mentioned modules should be displayed under every legend
2022-06-03 12:21:55 INFO  WebDriverManager:403 - Using chromedriver 102.0.5005.61 (resolved driver for Chrome 102)
2022-06-03 12:21:55 INFO  WebDriverManager:393 - Exporting webdriver.chrome.driver as /home/ravi-muktavarapu/.cache/selenium/chromedriver/linux64/102.0.5005.61/chromedriver
2022-06-03 12:21:58 INFO  HorreumMethods:382 - User Management Module is displayed under Administation container
2022-06-03 12:21:58 INFO  HorreumMethods:382 - All the Modules are displayed under Media Management container
2022-06-03 12:21:58 INFO  HorreumMethods:382 - All the Modules are displayed under Data Upload container
2022-06-03 12:21:59 INFO  BasePage:382 - Setting up browser
2022-06-03 12:21:59 INFO  BasePage:382 - Executing scenario: 002 >> User should be able to create a New User
2022-06-03 12:21:59 INFO  WebDriverManager:403 - Using chromedriver 102.0.5005.61 (resolved driver for Chrome 102)
2022-06-03 12:21:59 INFO  WebDriverManager:393 - Exporting webdriver.chrome.driver as /home/ravi-muktavarapu/.cache/selenium/chromedriver/linux64/102.0.5005.61/chromedriver
2022-06-03 12:22:02 INFO  BasePage:382 - Setting up browser
2022-06-03 12:22:02 INFO  BasePage:382 - Executing scenario: 003 >> User should be able to delete the created user
2022-06-03 12:22:02 INFO  WebDriverManager:403 - Using chromedriver 102.0.5005.61 (resolved driver for Chrome 102)
2022-06-03 12:22:02 INFO  WebDriverManager:393 - Exporting webdriver.chrome.driver as /home/ravi-muktavarapu/.cache/selenium/chromedriver/linux64/102.0.5005.61/chromedriver
2022-06-03 12:22:05 INFO  BasePage:382 - Setting up browser
2022-06-03 12:22:05 INFO  BasePage:382 - Executing scenario: 004 >> User should be able to Export a selected user
2022-06-03 12:22:05 INFO  WebDriverManager:403 - Using chromedriver 102.0.5005.61 (resolved driver for Chrome 102)
2022-06-03 12:22:05 INFO  WebDriverManager:393 - Exporting webdriver.chrome.driver as /home/ravi-muktavarapu/.cache/selenium/chromedriver/linux64/102.0.5005.61/chromedriver
2022-06-03 12:22:09 WARN  PDType1Font:161 - Using fallback font LiberationSans for base font Symbol
2022-06-03 12:22:09 WARN  PDType1Font:161 - Using fallback font LiberationSans for base font ZapfDingbats
